#
# A fatal error has been detected by the Java Runtime Environment:
#
#  EXCEPTION_ACCESS_VIOLATION (0xc0000005) at pc=0x68f8ee64, pid=5312, tid=9476
#
# JRE version: 6.0_16-b01
# Java VM: Java HotSpot(TM) Client VM (14.2-b01 mixed mode windows-x86 )
# Problematic frame:
# C  [atioglxx.dll+0xa0ee64]
#
# If you would like to submit a bug report, please visit:
#   http://java.sun.com/webapps/bugreport/crash.jsp
# The crash happened outside the Java Virtual Machine in native code.
# See problematic frame for where to report the bug.
#

---------------  T H R E A D  ---------------

Current thread (0x37697800):  JavaThread "AWT-EventQueue-0" [_thread_in_native, id=9476, stack(0x38510000,0x38560000)]

siginfo: ExceptionCode=0xc0000005, reading address 0x00000004

Registers:
EAX=0x00002504, EBX=0x00000000, ECX=0x75a688c0, EDX=0x00000001
ESP=0x3855ed68, EBP=0x3855ed88, ESI=0x00000000, EDI=0x3a6a56f0
EIP=0x68f8ee64, EFLAGS=0x00010246

Top of Stack: (sp=0x3855ed68)
0x3855ed68:   3a46c4d0 005833d0 3a6a56f0 3a464ab8
0x3855ed78:   3a464a50 00000000 3a6a56f0 3855eda0
0x3855ed88:   3855eda0 68f44571 3a46c4d0 005833d0
0x3855ed98:   3a689198 3a6a56f0 3855edb8 686109e4
0x3855eda8:   3a57db08 3a689198 005833d0 699f1c80
0x3855edb8:   3855edec 6867f739 3a57db68 3a57db08
0x3855edc8:   3a662be0 3855edec 3a689198 3a57db08
0x3855edd8:   005833d0 00000000 00000000 3a6648e8 

Instructions: (pc=0x68f8ee64)
0x68f8ee54:   64 a1 18 00 00 00 8b 77 10 89 7c 24 18 8b 40 24
0x68f8ee64:   8b 5e 04 89 44 24 10 8b c2 8d 53 08 f0 0f c1 02 


Stack: [0x38510000,0x38560000],  sp=0x3855ed68,  free space=315k
Native frames: (J=compiled Java code, j=interpreted, Vv=VM code, C=native code)
C  [atioglxx.dll+0xa0ee64]
C  [atioglxx.dll+0x9c4571]
C  [atioglxx.dll+0x909e4]
C  [atioglxx.dll+0xff739]
C  [atioglxx.dll+0xaac0b3]
C  [atioglxx.dll+0xaaaf89]
C  [atioglxx.dll+0xab035b]
C  [atioglxx.dll+0x19e93]
C  [OPENGL32.dll+0x1f01b]
C  [OPENGL32.dll+0x1f5c6]
C  [OPENGL32.dll+0x1f6bf]

Java frames: (J=compiled Java code, j=interpreted, Vv=VM code)
j  javax.media.j3d.NativePipeline.getSupportedOglVendorNative()Ljava/lang/String;+0
j  javax.media.j3d.NativePipeline.getSupportedOglVendor()Ljava/lang/String;+45
j  javax.media.j3d.Pipeline.useNativeOgl(ZZ)Z+0
j  javax.media.j3d.MasterControl.loadLibraries()V+425
j  javax.media.j3d.VirtualUniverse.<clinit>()V+209
v  ~StubRoutines::call_stub
j  replicatorg.app.ui.modeling.PreviewPanel.createUniverse()Ljavax/media/j3d/Canvas3D;+0
j  replicatorg.app.ui.modeling.PreviewPanel.<init>(Lreplicatorg/app/ui/MainWindow;)V+459
j  replicatorg.app.ui.MainWindow.getPreviewPanel()Lreplicatorg/app/ui/modeling/PreviewPanel;+13
j  replicatorg.app.ui.MainWindow.setModel(Lreplicatorg/model/BuildModel;)V+5
j  replicatorg.app.ui.MainWindow.handleOpen2(Ljava/lang/String;)V+184
j  replicatorg.app.ui.MainWindow.restorePreferences()V+106
j  replicatorg.app.Base$2.run()V+55
j  java.awt.event.InvocationEvent.dispatch()V+47
j  java.awt.EventQueue.dispatchEvent(Ljava/awt/AWTEvent;)V+26
j  java.awt.EventDispatchThread.pumpOneEventForFilters(I)Z+204
j  java.awt.EventDispatchThread.pumpEventsForFilter(ILjava/awt/Conditional;Ljava/awt/EventFilter;)V+30
j  java.awt.EventDispatchThread.pumpEventsForHierarchy(ILjava/awt/Conditional;Ljava/awt/Component;)V+11
j  java.awt.EventDispatchThread.pumpEvents(ILjava/awt/Conditional;)V+4
j  java.awt.EventDispatchThread.pumpEvents(Ljava/awt/Conditional;)V+3
j  java.awt.EventDispatchThread.run()V+9
v  ~StubRoutines::call_stub

---------------  P R O C E S S  ---------------

Java Threads: ( => current thread )
  0x37697400 JavaThread "TimerQueue" daemon [_thread_blocked, id=6520, stack(0x3b0a0000,0x3b0f0000)]
  0x3769a800 JavaThread "Machine Thread" [_thread_blocked, id=6620, stack(0x3b010000,0x3b060000)]
  0x37699c00 JavaThread "Assess Status" [_thread_blocked, id=6928, stack(0x3af80000,0x3afd0000)]
  0x3769a400 JavaThread "Machine Callback Handler" [_thread_blocked, id=8648, stack(0x3aaf0000,0x3ab40000)]
  0x37699800 JavaThread "Keep-Alive-Timer" daemon [_thread_blocked, id=8976, stack(0x38d70000,0x38dc0000)]
  0x37699000 JavaThread "DestroyJavaVM" [_thread_blocked, id=9508, stack(0x00300000,0x00350000)]
=>0x37697800 JavaThread "AWT-EventQueue-0" [_thread_in_native, id=9476, stack(0x38510000,0x38560000)]
  0x37698400 JavaThread "AWT-Windows" daemon [_thread_in_native, id=10040, stack(0x37bb0000,0x37c00000)]
  0x37698c00 JavaThread "AWT-Shutdown" [_thread_blocked, id=8376, stack(0x37b20000,0x37b70000)]
  0x37698000 JavaThread "Java2D Disposer" daemon [_thread_blocked, id=6264, stack(0x37a90000,0x37ae0000)]
  0x004d3800 JavaThread "Low Memory Detector" daemon [_thread_blocked, id=7836, stack(0x374f0000,0x37540000)]
  0x004cdc00 JavaThread "CompilerThread0" daemon [_thread_blocked, id=5384, stack(0x37460000,0x374b0000)]
  0x004cd400 JavaThread "Attach Listener" daemon [_thread_blocked, id=6676, stack(0x373d0000,0x37420000)]
  0x004c8c00 JavaThread "Signal Dispatcher" daemon [_thread_blocked, id=6660, stack(0x37340000,0x37390000)]
  0x004a9800 JavaThread "Finalizer" daemon [_thread_blocked, id=4364, stack(0x372b0000,0x37300000)]
  0x004a8400 JavaThread "Reference Handler" daemon [_thread_blocked, id=3776, stack(0x37220000,0x37270000)]

Other Threads:
  0x004a4400 VMThread [stack: 0x37190000,0x371e0000] [id=2772]
  0x004dcc00 WatcherThread [stack: 0x37580000,0x375d0000] [id=9420]

VM state:not at safepoint (normal execution)

VM Mutex/Monitor currently owned by a thread: None

Heap
 def new generation   total 18176K, used 10347K [0x04230000, 0x055e0000, 0x07be0000)
  eden space 16192K,  51% used [0x04230000, 0x04a5ac28, 0x05200000)
  from space 1984K, 100% used [0x053f0000, 0x055e0000, 0x055e0000)
  to   space 1984K,   0% used [0x05200000, 0x05200000, 0x053f0000)
 tenured generation   total 241984K, used 48607K [0x07be0000, 0x16830000, 0x33030000)
   the space 241984K,  20% used [0x07be0000, 0x0ab57df0, 0x0ab57e00, 0x16830000)
 compacting perm gen  total 14592K, used 14360K [0x33030000, 0x33e70000, 0x37030000)
   the space 14592K,  98% used [0x33030000, 0x33e36080, 0x33e36200, 0x33e70000)
No shared spaces configured.

Dynamic libraries:
0x00400000 - 0x00424000 	C:\replicatorg-creator\java\bin\javaw.exe
0x77260000 - 0x773ce000 	C:\WINDOWS\SYSTEM32\ntdll.dll
0x75a40000 - 0x75b80000 	C:\WINDOWS\SYSTEM32\KERNEL32.DLL
0x755e0000 - 0x756b7000 	C:\WINDOWS\SYSTEM32\KERNELBASE.dll
0x74860000 - 0x74900000 	C:\WINDOWS\system32\apphelp.dll
0x6e6b0000 - 0x6e916000 	C:\WINDOWS\AppPatch\AcGenral.DLL
0x75e10000 - 0x75ed3000 	C:\WINDOWS\SYSTEM32\msvcrt.dll
0x74d20000 - 0x74d61000 	C:\WINDOWS\SYSTEM32\sechost.dll
0x74a60000 - 0x74a7e000 	C:\WINDOWS\SYSTEM32\SspiCli.dll
0x75c50000 - 0x75c95000 	C:\WINDOWS\SYSTEM32\SHLWAPI.dll
0x742b0000 - 0x7439d000 	C:\WINDOWS\SYSTEM32\UxTheme.dll
0x757b0000 - 0x75903000 	C:\WINDOWS\SYSTEM32\USER32.dll
0x75d00000 - 0x75e0e000 	C:\WINDOWS\SYSTEM32\GDI32.dll
0x736f0000 - 0x73713000 	C:\WINDOWS\SYSTEM32\WINMM.dll
0x733d0000 - 0x733e3000 	C:\WINDOWS\SYSTEM32\samcli.dll
0x75450000 - 0x75578000 	C:\WINDOWS\SYSTEM32\ole32.dll
0x74d70000 - 0x74e05000 	C:\WINDOWS\SYSTEM32\OLEAUT32.dll
0x726a0000 - 0x726b7000 	C:\WINDOWS\SYSTEM32\MSACM32.dll
0x74200000 - 0x74208000 	C:\WINDOWS\SYSTEM32\VERSION.dll
0x75ee0000 - 0x7718c000 	C:\WINDOWS\SYSTEM32\SHELL32.dll
0x74910000 - 0x7492b000 	C:\WINDOWS\SYSTEM32\USERENV.dll
0x746d0000 - 0x746ea000 	C:\WINDOWS\SYSTEM32\dwmapi.dll
0x70e70000 - 0x70fba000 	C:\WINDOWS\SYSTEM32\urlmon.dll
0x74e10000 - 0x74e8c000 	C:\WINDOWS\SYSTEM32\ADVAPI32.dll
0x74710000 - 0x74775000 	C:\WINDOWS\SYSTEM32\WINSPOOL.DRV
0x74790000 - 0x747a6000 	C:\WINDOWS\SYSTEM32\MPR.dll
0x75b80000 - 0x75c3a000 	C:\WINDOWS\SYSTEM32\RPCRT4.dll
0x74a50000 - 0x74a5a000 	C:\WINDOWS\SYSTEM32\CRYPTBASE.dll
0x750e0000 - 0x7525d000 	C:\WINDOWS\SYSTEM32\combase.dll
0x73670000 - 0x73693000 	C:\WINDOWS\SYSTEM32\WINMMBASE.dll
0x74620000 - 0x7462f000 	C:\WINDOWS\SYSTEM32\profapi.dll
0x70990000 - 0x70bc2000 	C:\WINDOWS\SYSTEM32\iertutil.dll
0x70bd0000 - 0x70da3000 	C:\WINDOWS\SYSTEM32\WININET.dll
0x749f0000 - 0x74a44000 	C:\WINDOWS\SYSTEM32\bcryptPrimitives.dll
0x74b10000 - 0x74b4c000 	C:\WINDOWS\SYSTEM32\cfgmgr32.dll
0x73640000 - 0x73661000 	C:\WINDOWS\SYSTEM32\DEVOBJ.dll
0x74930000 - 0x749bb000 	C:\WINDOWS\SYSTEM32\SHCORE.DLL
0x753d0000 - 0x753f7000 	C:\WINDOWS\system32\IMM32.DLL
0x75920000 - 0x75a32000 	C:\WINDOWS\SYSTEM32\MSCTF.dll
0x7c340000 - 0x7c396000 	C:\replicatorg-creator\java\bin\msvcr71.dll
0x6d8b0000 - 0x6db3b000 	C:\replicatorg-creator\java\bin\client\jvm.dll
0x6d860000 - 0x6d86c000 	C:\replicatorg-creator\java\bin\verify.dll
0x6d3e0000 - 0x6d3ff000 	C:\replicatorg-creator\java\bin\java.dll
0x6d340000 - 0x6d348000 	C:\replicatorg-creator\java\bin\hpi.dll
0x75c40000 - 0x75c46000 	C:\WINDOWS\SYSTEM32\PSAPI.DLL
0x6d8a0000 - 0x6d8af000 	C:\replicatorg-creator\java\bin\zip.dll
0x6d0b0000 - 0x6d1fa000 	C:\replicatorg-creator\java\bin\awt.dll
0x738e0000 - 0x73ae6000 	C:\WINDOWS\WinSxS\x86_microsoft.windows.common-controls_6595b64144ccf1df_6.0.9600.17784_none_a9f497a901334c74\comctl32.dll
0x6d6c0000 - 0x6d6d3000 	C:\replicatorg-creator\java\bin\net.dll
0x75400000 - 0x75450000 	C:\WINDOWS\SYSTEM32\WS2_32.dll
0x75580000 - 0x75587000 	C:\WINDOWS\SYSTEM32\NSI.dll
0x74260000 - 0x742ab000 	C:\WINDOWS\system32\mswsock.dll
0x70dc0000 - 0x70e3e000 	C:\WINDOWS\SYSTEM32\DNSAPI.dll
0x6dda0000 - 0x6dda8000 	C:\Windows\System32\rasadhlp.dll
0x74840000 - 0x74860000 	C:\WINDOWS\SYSTEM32\IPHLPAPI.DLL
0x74140000 - 0x74148000 	C:\WINDOWS\SYSTEM32\WINNSI.DLL
0x746f0000 - 0x746f7000 	c:\PROGRA~2\mcafee\SITEAD~1\saHook.dll
0x746c0000 - 0x746c9000 	C:\WINDOWS\SYSTEM32\kernel.appcore.dll
0x383f0000 - 0x38436000 	C:\WINDOWS\System32\fwpuclnt.dll
0x6d2e0000 - 0x6d334000 	C:\replicatorg-creator\java\bin\fontmanager.dll
0x71e70000 - 0x72043000 	C:\WINDOWS\SYSTEM32\d3d9.dll
0x727a0000 - 0x728b0000 	C:\WINDOWS\SYSTEM32\aticfx32.dll
0x73260000 - 0x7327b000 	C:\WINDOWS\SYSTEM32\atiu9pag.dll
0x38590000 - 0x38bdf000 	C:\WINDOWS\SYSTEM32\atiumdag.dll
0x67140000 - 0x6792e000 	C:\WINDOWS\SYSTEM32\atiumdva.dll
0x6d6e0000 - 0x6d6e9000 	C:\replicatorg-creator\java\bin\nio.dll
0x746a0000 - 0x746b9000 	C:\WINDOWS\SYSTEM32\CRYPTSP.dll
0x74670000 - 0x746a0000 	C:\WINDOWS\system32\rsaenh.dll
0x74650000 - 0x7466e000 	C:\WINDOWS\SYSTEM32\bcrypt.dll
0x71040000 - 0x71051000 	C:\WINDOWS\system32\napinsp.dll
0x71020000 - 0x71036000 	C:\WINDOWS\system32\pnrpnsp.dll
0x72ee0000 - 0x72ef4000 	C:\WINDOWS\system32\NLAapi.dll
0x73150000 - 0x7315a000 	C:\WINDOWS\System32\winrnr.dll
0x71080000 - 0x710a2000 	C:\replicatorg-creator\rxtxSerial.dll
0x6d620000 - 0x6d6b3000 	C:\replicatorg-creator\java\bin\mlib_image.dll
0x3b2a0000 - 0x3b2ae000 	C:\replicatorg-creator\j3dcore-ogl-chk.dll
0x6e5d0000 - 0x6e6ae000 	C:\WINDOWS\SYSTEM32\OPENGL32.dll
0x70e40000 - 0x70e65000 	C:\WINDOWS\SYSTEM32\GLU32.dll
0x6e200000 - 0x6e2ec000 	C:\WINDOWS\SYSTEM32\DDRAW.dll
0x71650000 - 0x71657000 	C:\WINDOWS\SYSTEM32\DCIMAN32.dll
0x71000000 - 0x71015000 	C:\WINDOWS\SYSTEM32\atiglpxx.dll
0x68580000 - 0x69b0f000 	C:\WINDOWS\SYSTEM32\atioglxx.dll
0x74b50000 - 0x74d01000 	C:\WINDOWS\SYSTEM32\SETUPAPI.dll
0x6e120000 - 0x6e1f9000 	C:\WINDOWS\SYSTEM32\atiadlxy.dll
0x72500000 - 0x7263a000 	C:\WINDOWS\SYSTEM32\PROPSYS.dll
0x749d0000 - 0x749df000 	C:\WINDOWS\SYSTEM32\WTSAPI32.dll
0x75590000 - 0x755cd000 	C:\WINDOWS\SYSTEM32\WINTRUST.dll
0x74e90000 - 0x75018000 	C:\WINDOWS\SYSTEM32\CRYPT32.dll
0x74d10000 - 0x74d1e000 	C:\WINDOWS\SYSTEM32\MSASN1.dll
0x6e5b0000 - 0x6e5cc000 	C:\WINDOWS\SYSTEM32\atigktxx.dll

VM Arguments:
jvm_args: -Xms256m -Xmx750m -D32 
java_command: replicatorg.app.Base
Launcher Type: SUN_STANDARD

Environment Variables:
PATH=C:\Program Files (x86)\AMD APP\bin\x86_64;C:\Program Files (x86)\AMD APP\bin\x86;C:\WINDOWS\system32;C:\WINDOWS;C:\WINDOWS\System32\Wbem;C:\WINDOWS\System32\WindowsPowerShell\v1.0\;C:\Program Files (x86)\EgisTec MyWinLocker\x64;C:\Program Files (x86)\EgisTec MyWinLocker\;C:\Program Files (x86)\ATI Technologies\ATI.ACE\Core-Static;C:\Program Files (x86)\QuickTime\QTSystem\;C:\replicatorg-creator\java\\bin
USERNAME=Mom and Dad
OS=Windows_NT
PROCESSOR_IDENTIFIER=AMD64 Family 18 Model 1 Stepping 0, AuthenticAMD



---------------  S Y S T E M  ---------------

OS: Windows NT 6.2 Build 9200 

CPU:total 4 (4 cores per cpu, 1 threads per core) family 18 model 1 stepping 0, cmov, cx8, fxsr, mmx, sse, sse2, sse3, mmxext, 3dnow, 3dnowext, sse4a

Memory: 4k page, physical 3616972k(1264500k free), swap 4194303k(5120k free)

vm_info: Java HotSpot(TM) Client VM (14.2-b01) for windows-x86 JRE (1.6.0_16-b01), built on Jul 31 2009 11:26:58 by "java_re" with MS VC++ 7.1

time: Thu May 21 00:55:36 2015
elapsed time: 3 seconds

